{"C:\\Users\\Sakshi kumari\\Downloads\\prodesk\\cine-stream\\src\\App.jsx": {"path":"C:\\Users\\Sakshi kumari\\Downloads\\prodesk\\cine-stream\\src\\App.jsx","statementMap":{"0":{"start":{"line":14,"column":28},"end":{"line":14,"column":40}},"1":{"start":{"line":15,"column":25},"end":{"line":15,"column":48}},"2":{"start":{"line":16,"column":49},"end":{"line":16,"column":74}},"3":{"start":{"line":18,"column":27},"end":{"line":20,"column":3}},"4":{"start":{"line":19,"column":4},"end":{"line":19,"column":20}},"5":{"start":{"line":22,"column":2},"end":{"line":41,"column":4}},"6":{"start":{"line":45,"column":2},"end":{"line":61,"column":4}}},"fnMap":{"0":{"name":"Home","decl":{"start":{"line":13,"column":9},"end":{"line":13,"column":13}},"loc":{"start":{"line":13,"column":16},"end":{"line":42,"column":1}},"line":13},"1":{"name":"(anonymous_1)","decl":{"start":{"line":18,"column":27},"end":{"line":18,"column":28}},"loc":{"start":{"line":18,"column":38},"end":{"line":20,"column":3}},"line":18},"2":{"name":"App","decl":{"start":{"line":44,"column":9},"end":{"line":44,"column":12}},"loc":{"start":{"line":44,"column":15},"end":{"line":62,"column":1}},"line":44}},"branchMap":{},"s":{"0":0,"1":0,"2":0,"3":0,"4":0,"5":0,"6":0},"f":{"0":0,"1":0,"2":0},"b":{}}
,"C:\\Users\\Sakshi kumari\\Downloads\\prodesk\\cine-stream\\src\\api\\tmdb.js": {"path":"C:\\Users\\Sakshi kumari\\Downloads\\prodesk\\cine-stream\\src\\api\\tmdb.js","statementMap":{"0":{"start":{"line":4,"column":17},"end":{"line":4,"column":47}},"1":{"start":{"line":5,"column":16},"end":{"line":5,"column":49}},"2":{"start":{"line":8,"column":14},"end":{"line":8,"column":101}},"3":{"start":{"line":9,"column":2},"end":{"line":9,"column":65}},"4":{"start":{"line":9,"column":15},"end":{"line":9,"column":65}},"5":{"start":{"line":10,"column":2},"end":{"line":10,"column":20}},"6":{"start":{"line":14,"column":14},"end":{"line":18,"column":3}},"7":{"start":{"line":19,"column":2},"end":{"line":19,"column":58}},"8":{"start":{"line":19,"column":15},"end":{"line":19,"column":58}},"9":{"start":{"line":20,"column":2},"end":{"line":20,"column":20}},"10":{"start":{"line":24,"column":2},"end":{"line":24,"column":65}}},"fnMap":{"0":{"name":"fetchPopularMovies","decl":{"start":{"line":7,"column":22},"end":{"line":7,"column":40}},"loc":{"start":{"line":7,"column":51},"end":{"line":11,"column":1}},"line":7},"1":{"name":"searchMovies","decl":{"start":{"line":13,"column":22},"end":{"line":13,"column":34}},"loc":{"start":{"line":13,"column":52},"end":{"line":21,"column":1}},"line":13},"2":{"name":"getPosterUrl","decl":{"start":{"line":23,"column":16},"end":{"line":23,"column":28}},"loc":{"start":{"line":23,"column":50},"end":{"line":25,"column":1}},"line":23}},"branchMap":{"0":{"loc":{"start":{"line":7,"column":41},"end":{"line":7,"column":49}},"type":"default-arg","locations":[{"start":{"line":7,"column":48},"end":{"line":7,"column":49}}],"line":7},"1":{"loc":{"start":{"line":9,"column":2},"end":{"line":9,"column":65}},"type":"if","locations":[{"start":{"line":9,"column":2},"end":{"line":9,"column":65}},{"start":{},"end":{}}],"line":9},"2":{"loc":{"start":{"line":13,"column":42},"end":{"line":13,"column":50}},"type":"default-arg","locations":[{"start":{"line":13,"column":49},"end":{"line":13,"column":50}}],"line":13},"3":{"loc":{"start":{"line":19,"column":2},"end":{"line":19,"column":58}},"type":"if","locations":[{"start":{"line":19,"column":2},"end":{"line":19,"column":58}},{"start":{},"end":{}}],"line":19},"4":{"loc":{"start":{"line":23,"column":35},"end":{"line":23,"column":48}},"type":"default-arg","locations":[{"start":{"line":23,"column":42},"end":{"line":23,"column":48}}],"line":23},"5":{"loc":{"start":{"line":24,"column":9},"end":{"line":24,"column":64}},"type":"cond-expr","locations":[{"start":{"line":24,"column":16},"end":{"line":24,"column":59}},{"start":{"line":24,"column":62},"end":{"line":24,"column":64}}],"line":24}},"s":{"0":0,"1":0,"2":0,"3":0,"4":0,"5":0,"6":0,"7":0,"8":0,"9":0,"10":0},"f":{"0":0,"1":0,"2":0},"b":{"0":[0],"1":[0,0],"2":[0],"3":[0,0],"4":[0],"5":[0,0]}}
,"C:\\Users\\Sakshi kumari\\Downloads\\prodesk\\cine-stream\\src\\components\\FavoriteButton.jsx": {"path":"C:\\Users\\Sakshi kumari\\Downloads\\prodesk\\cine-stream\\src\\components\\FavoriteButton.jsx","statementMap":{"0":{"start":{"line":4,"column":23},"end":{"line":25,"column":1}},"1":{"start":{"line":5,"column":63},"end":{"line":5,"column":91}},"2":{"start":{"line":6,"column":20},"end":{"line":6,"column":41}},"3":{"start":{"line":8,"column":22},"end":{"line":18,"column":3}},"4":{"start":{"line":9,"column":4},"end":{"line":9,"column":40}},"5":{"start":{"line":10,"column":4},"end":{"line":10,"column":39}},"6":{"start":{"line":12,"column":4},"end":{"line":17,"column":5}},"7":{"start":{"line":13,"column":6},"end":{"line":13,"column":36}},"8":{"start":{"line":15,"column":6},"end":{"line":15,"column":28}},"9":{"start":{"line":16,"column":6},"end":{"line":16,"column":40}},"10":{"start":{"line":20,"column":2},"end":{"line":24,"column":4}}},"fnMap":{"0":{"name":"(anonymous_0)","decl":{"start":{"line":4,"column":23},"end":{"line":4,"column":24}},"loc":{"start":{"line":4,"column":38},"end":{"line":25,"column":1}},"line":4},"1":{"name":"(anonymous_1)","decl":{"start":{"line":8,"column":22},"end":{"line":8,"column":23}},"loc":{"start":{"line":8,"column":28},"end":{"line":18,"column":3}},"line":8}},"branchMap":{"0":{"loc":{"start":{"line":12,"column":4},"end":{"line":17,"column":5}},"type":"if","locations":[{"start":{"line":12,"column":4},"end":{"line":17,"column":5}},{"start":{"line":14,"column":11},"end":{"line":17,"column":5}}],"line":12},"1":{"loc":{"start":{"line":21,"column":61},"end":{"line":21,"column":86}},"type":"cond-expr","locations":[{"start":{"line":21,"column":73},"end":{"line":21,"column":81}},{"start":{"line":21,"column":84},"end":{"line":21,"column":86}}],"line":21},"2":{"loc":{"start":{"line":22,"column":7},"end":{"line":22,"column":30}},"type":"cond-expr","locations":[{"start":{"line":22,"column":19},"end":{"line":22,"column":23}},{"start":{"line":22,"column":26},"end":{"line":22,"column":30}}],"line":22},"3":{"loc":{"start":{"line":22,"column":33},"end":{"line":22,"column":74}},"type":"cond-expr","locations":[{"start":{"line":22,"column":45},"end":{"line":22,"column":53}},{"start":{"line":22,"column":56},"end":{"line":22,"column":74}}],"line":22}},"s":{"0":0,"1":0,"2":0,"3":0,"4":0,"5":0,"6":0,"7":0,"8":0,"9":0,"10":0},"f":{"0":0,"1":0},"b":{"0":[0,0],"1":[0,0],"2":[0,0],"3":[0,0]}}
,"C:\\Users\\Sakshi kumari\\Downloads\\prodesk\\cine-stream\\src\\components\\FavoriteButton.test.jsx": {"path":"C:\\Users\\Sakshi kumari\\Downloads\\prodesk\\cine-stream\\src\\components\\FavoriteButton.test.jsx","statementMap":{"0":{"start":{"line":7,"column":18},"end":{"line":11,"column":1}},"1":{"start":{"line":13,"column":25},"end":{"line":17,"column":1}},"2":{"start":{"line":16,"column":31},"end":{"line":16,"column":36}},"3":{"start":{"line":19,"column":38},"end":{"line":23,"column":1}},"4":{"start":{"line":22,"column":31},"end":{"line":22,"column":39}},"5":{"start":{"line":25,"column":0},"end":{"line":130,"column":3}},"6":{"start":{"line":26,"column":2},"end":{"line":33,"column":5}},"7":{"start":{"line":27,"column":4},"end":{"line":31,"column":6}},"8":{"start":{"line":32,"column":4},"end":{"line":32,"column":59}},"9":{"start":{"line":35,"column":2},"end":{"line":42,"column":5}},"10":{"start":{"line":36,"column":4},"end":{"line":40,"column":6}},"11":{"start":{"line":41,"column":4},"end":{"line":41,"column":63}},"12":{"start":{"line":44,"column":2},"end":{"line":51,"column":5}},"13":{"start":{"line":45,"column":4},"end":{"line":49,"column":6}},"14":{"start":{"line":50,"column":4},"end":{"line":50,"column":63}},"15":{"start":{"line":53,"column":2},"end":{"line":60,"column":5}},"16":{"start":{"line":54,"column":4},"end":{"line":58,"column":6}},"17":{"start":{"line":59,"column":4},"end":{"line":59,"column":77}},"18":{"start":{"line":62,"column":2},"end":{"line":69,"column":5}},"19":{"start":{"line":63,"column":4},"end":{"line":67,"column":6}},"20":{"start":{"line":68,"column":4},"end":{"line":68,"column":67}},"21":{"start":{"line":71,"column":2},"end":{"line":89,"column":5}},"22":{"start":{"line":72,"column":17},"end":{"line":72,"column":34}},"23":{"start":{"line":73,"column":20},"end":{"line":73,"column":29}},"24":{"start":{"line":74,"column":25},"end":{"line":77,"column":5}},"25":{"start":{"line":79,"column":4},"end":{"line":83,"column":6}},"26":{"start":{"line":85,"column":19},"end":{"line":85,"column":45}},"27":{"start":{"line":86,"column":4},"end":{"line":86,"column":29}},"28":{"start":{"line":88,"column":4},"end":{"line":88,"column":52}},"29":{"start":{"line":91,"column":2},"end":{"line":109,"column":5}},"30":{"start":{"line":92,"column":17},"end":{"line":92,"column":34}},"31":{"start":{"line":93,"column":23},"end":{"line":93,"column":32}},"32":{"start":{"line":94,"column":25},"end":{"line":97,"column":5}},"33":{"start":{"line":99,"column":4},"end":{"line":103,"column":6}},"34":{"start":{"line":105,"column":19},"end":{"line":105,"column":45}},"35":{"start":{"line":106,"column":4},"end":{"line":106,"column":29}},"36":{"start":{"line":108,"column":4},"end":{"line":108,"column":47}},"37":{"start":{"line":111,"column":2},"end":{"line":118,"column":5}},"38":{"start":{"line":112,"column":4},"end":{"line":116,"column":6}},"39":{"start":{"line":117,"column":4},"end":{"line":117,"column":77}},"40":{"start":{"line":120,"column":2},"end":{"line":129,"column":5}},"41":{"start":{"line":121,"column":4},"end":{"line":125,"column":6}},"42":{"start":{"line":126,"column":19},"end":{"line":126,"column":45}},"43":{"start":{"line":127,"column":4},"end":{"line":127,"column":47}},"44":{"start":{"line":128,"column":4},"end":{"line":128,"column":45}}},"fnMap":{"0":{"name":"(anonymous_0)","decl":{"start":{"line":16,"column":23},"end":{"line":16,"column":24}},"loc":{"start":{"line":16,"column":31},"end":{"line":16,"column":36}},"line":16},"1":{"name":"(anonymous_1)","decl":{"start":{"line":22,"column":23},"end":{"line":22,"column":24}},"loc":{"start":{"line":22,"column":31},"end":{"line":22,"column":39}},"line":22},"2":{"name":"(anonymous_2)","decl":{"start":{"line":25,"column":37},"end":{"line":25,"column":38}},"loc":{"start":{"line":25,"column":43},"end":{"line":130,"column":1}},"line":25},"3":{"name":"(anonymous_3)","decl":{"start":{"line":26,"column":33},"end":{"line":26,"column":34}},"loc":{"start":{"line":26,"column":39},"end":{"line":33,"column":3}},"line":26},"4":{"name":"(anonymous_4)","decl":{"start":{"line":35,"column":48},"end":{"line":35,"column":49}},"loc":{"start":{"line":35,"column":54},"end":{"line":42,"column":3}},"line":35},"5":{"name":"(anonymous_5)","decl":{"start":{"line":44,"column":45},"end":{"line":44,"column":46}},"loc":{"start":{"line":44,"column":51},"end":{"line":51,"column":3}},"line":44},"6":{"name":"(anonymous_6)","decl":{"start":{"line":53,"column":60},"end":{"line":53,"column":61}},"loc":{"start":{"line":53,"column":66},"end":{"line":60,"column":3}},"line":53},"7":{"name":"(anonymous_7)","decl":{"start":{"line":62,"column":46},"end":{"line":62,"column":47}},"loc":{"start":{"line":62,"column":52},"end":{"line":69,"column":3}},"line":62},"8":{"name":"(anonymous_8)","decl":{"start":{"line":71,"column":62},"end":{"line":71,"column":63}},"loc":{"start":{"line":71,"column":74},"end":{"line":89,"column":3}},"line":71},"9":{"name":"(anonymous_9)","decl":{"start":{"line":91,"column":65},"end":{"line":91,"column":66}},"loc":{"start":{"line":91,"column":77},"end":{"line":109,"column":3}},"line":91},"10":{"name":"(anonymous_10)","decl":{"start":{"line":111,"column":48},"end":{"line":111,"column":49}},"loc":{"start":{"line":111,"column":54},"end":{"line":118,"column":3}},"line":111},"11":{"name":"(anonymous_11)","decl":{"start":{"line":120,"column":54},"end":{"line":120,"column":55}},"loc":{"start":{"line":120,"column":60},"end":{"line":129,"column":3}},"line":120}},"branchMap":{},"s":{"0":0,"1":0,"2":0,"3":0,"4":0,"5":0,"6":0,"7":0,"8":0,"9":0,"10":0,"11":0,"12":0,"13":0,"14":0,"15":0,"16":0,"17":0,"18":0,"19":0,"20":0,"21":0,"22":0,"23":0,"24":0,"25":0,"26":0,"27":0,"28":0,"29":0,"30":0,"31":0,"32":0,"33":0,"34":0,"35":0,"36":0,"37":0,"38":0,"39":0,"40":0,"41":0,"42":0,"43":0,"44":0},"f":{"0":0,"1":0,"2":0,"3":0,"4":0,"5":0,"6":0,"7":0,"8":0,"9":0,"10":0,"11":0},"b":{}}
,"C:\\Users\\Sakshi kumari\\Downloads\\prodesk\\cine-stream\\src\\components\\Favorites.jsx": {"path":"C:\\Users\\Sakshi kumari\\Downloads\\prodesk\\cine-stream\\src\\components\\Favorites.jsx","statementMap":{"0":{"start":{"line":8,"column":58},"end":{"line":8,"column":86}},"1":{"start":{"line":10,"column":2},"end":{"line":19,"column":3}},"2":{"start":{"line":11,"column":4},"end":{"line":18,"column":6}},"3":{"start":{"line":21,"column":2},"end":{"line":38,"column":4}},"4":{"start":{"line":29,"column":10},"end":{"line":34,"column":12}}},"fnMap":{"0":{"name":"Favorites","decl":{"start":{"line":6,"column":24},"end":{"line":6,"column":33}},"loc":{"start":{"line":6,"column":36},"end":{"line":39,"column":1}},"line":6},"1":{"name":"(anonymous_1)","decl":{"start":{"line":28,"column":23},"end":{"line":28,"column":24}},"loc":{"start":{"line":29,"column":10},"end":{"line":34,"column":12}},"line":29}},"branchMap":{"0":{"loc":{"start":{"line":10,"column":2},"end":{"line":19,"column":3}},"type":"if","locations":[{"start":{"line":10,"column":2},"end":{"line":19,"column":3}},{"start":{},"end":{}}],"line":10}},"s":{"0":0,"1":0,"2":0,"3":0,"4":0},"f":{"0":0,"1":0},"b":{"0":[0,0]}}
,"C:\\Users\\Sakshi kumari\\Downloads\\prodesk\\cine-stream\\src\\components\\Favorites.test.jsx": {"path":"C:\\Users\\Sakshi kumari\\Downloads\\prodesk\\cine-stream\\src\\components\\Favorites.test.jsx","statementMap":{"0":{"start":{"line":7,"column":22},"end":{"line":18,"column":1}},"1":{"start":{"line":20,"column":25},"end":{"line":24,"column":1}},"2":{"start":{"line":22,"column":31},"end":{"line":22,"column":35}},"3":{"start":{"line":26,"column":30},"end":{"line":30,"column":1}},"4":{"start":{"line":32,"column":0},"end":{"line":101,"column":3}},"5":{"start":{"line":33,"column":2},"end":{"line":42,"column":5}},"6":{"start":{"line":34,"column":4},"end":{"line":40,"column":6}},"7":{"start":{"line":41,"column":4},"end":{"line":41,"column":59}},"8":{"start":{"line":44,"column":2},"end":{"line":53,"column":5}},"9":{"start":{"line":45,"column":4},"end":{"line":51,"column":6}},"10":{"start":{"line":52,"column":4},"end":{"line":52,"column":73}},"11":{"start":{"line":55,"column":2},"end":{"line":65,"column":5}},"12":{"start":{"line":56,"column":4},"end":{"line":62,"column":6}},"13":{"start":{"line":63,"column":4},"end":{"line":63,"column":77}},"14":{"start":{"line":64,"column":4},"end":{"line":64,"column":66}},"15":{"start":{"line":67,"column":2},"end":{"line":77,"column":5}},"16":{"start":{"line":68,"column":4},"end":{"line":74,"column":6}},"17":{"start":{"line":75,"column":21},"end":{"line":75,"column":47}},"18":{"start":{"line":76,"column":4},"end":{"line":76,"column":50}},"19":{"start":{"line":79,"column":2},"end":{"line":88,"column":5}},"20":{"start":{"line":80,"column":26},"end":{"line":86,"column":5}},"21":{"start":{"line":87,"column":4},"end":{"line":87,"column":65}},"22":{"start":{"line":90,"column":2},"end":{"line":100,"column":5}},"23":{"start":{"line":91,"column":4},"end":{"line":97,"column":6}},"24":{"start":{"line":98,"column":20},"end":{"line":98,"column":49}},"25":{"start":{"line":99,"column":4},"end":{"line":99,"column":72}}},"fnMap":{"0":{"name":"(anonymous_0)","decl":{"start":{"line":22,"column":23},"end":{"line":22,"column":24}},"loc":{"start":{"line":22,"column":31},"end":{"line":22,"column":35}},"line":22},"1":{"name":"(anonymous_1)","decl":{"start":{"line":32,"column":32},"end":{"line":32,"column":33}},"loc":{"start":{"line":32,"column":38},"end":{"line":101,"column":1}},"line":32},"2":{"name":"(anonymous_2)","decl":{"start":{"line":33,"column":33},"end":{"line":33,"column":34}},"loc":{"start":{"line":33,"column":39},"end":{"line":42,"column":3}},"line":33},"3":{"name":"(anonymous_3)","decl":{"start":{"line":44,"column":49},"end":{"line":44,"column":50}},"loc":{"start":{"line":44,"column":55},"end":{"line":53,"column":3}},"line":44},"4":{"name":"(anonymous_4)","decl":{"start":{"line":55,"column":38},"end":{"line":55,"column":39}},"loc":{"start":{"line":55,"column":44},"end":{"line":65,"column":3}},"line":55},"5":{"name":"(anonymous_5)","decl":{"start":{"line":67,"column":24},"end":{"line":67,"column":25}},"loc":{"start":{"line":67,"column":30},"end":{"line":77,"column":3}},"line":67},"6":{"name":"(anonymous_6)","decl":{"start":{"line":79,"column":43},"end":{"line":79,"column":44}},"loc":{"start":{"line":79,"column":49},"end":{"line":88,"column":3}},"line":79},"7":{"name":"(anonymous_7)","decl":{"start":{"line":90,"column":60},"end":{"line":90,"column":61}},"loc":{"start":{"line":90,"column":66},"end":{"line":100,"column":3}},"line":90}},"branchMap":{},"s":{"0":0,"1":0,"2":0,"3":0,"4":0,"5":0,"6":0,"7":0,"8":0,"9":0,"10":0,"11":0,"12":0,"13":0,"14":0,"15":0,"16":0,"17":0,"18":0,"19":0,"20":0,"21":0,"22":0,"23":0,"24":0,"25":0},"f":{"0":0,"1":0,"2":0,"3":0,"4":0,"5":0,"6":0,"7":0},"b":{}}
,"C:\\Users\\Sakshi kumari\\Downloads\\prodesk\\cine-stream\\src\\components\\MoodMatcher.jsx": {"path":"C:\\Users\\Sakshi kumari\\Downloads\\prodesk\\cine-stream\\src\\components\\MoodMatcher.jsx","statementMap":{"0":{"start":{"line":5,"column":30},"end":{"line":5,"column":42}},"1":{"start":{"line":6,"column":32},"end":{"line":6,"column":47}},"2":{"start":{"line":7,"column":28},"end":{"line":7,"column":42}},"3":{"start":{"line":9,"column":23},"end":{"line":27,"column":3}},"4":{"start":{"line":10,"column":4},"end":{"line":10,"column":23}},"5":{"start":{"line":11,"column":4},"end":{"line":11,"column":31}},"6":{"start":{"line":11,"column":24},"end":{"line":11,"column":31}},"7":{"start":{"line":12,"column":4},"end":{"line":12,"column":21}},"8":{"start":{"line":13,"column":4},"end":{"line":13,"column":19}},"9":{"start":{"line":14,"column":4},"end":{"line":26,"column":5}},"10":{"start":{"line":15,"column":20},"end":{"line":15,"column":46}},"11":{"start":{"line":16,"column":6},"end":{"line":20,"column":7}},"12":{"start":{"line":17,"column":8},"end":{"line":17,"column":23}},"13":{"start":{"line":19,"column":8},"end":{"line":19,"column":38}},"14":{"start":{"line":22,"column":6},"end":{"line":22,"column":38}},"15":{"start":{"line":23,"column":6},"end":{"line":23,"column":48}},"16":{"start":{"line":25,"column":6},"end":{"line":25,"column":24}},"17":{"start":{"line":29,"column":2},"end":{"line":42,"column":4}},"18":{"start":{"line":35,"column":25},"end":{"line":35,"column":50}}},"fnMap":{"0":{"name":"MoodMatcher","decl":{"start":{"line":4,"column":24},"end":{"line":4,"column":35}},"loc":{"start":{"line":4,"column":49},"end":{"line":43,"column":1}},"line":4},"1":{"name":"(anonymous_1)","decl":{"start":{"line":9,"column":23},"end":{"line":9,"column":24}},"loc":{"start":{"line":9,"column":36},"end":{"line":27,"column":3}},"line":9},"2":{"name":"(anonymous_2)","decl":{"start":{"line":35,"column":18},"end":{"line":35,"column":19}},"loc":{"start":{"line":35,"column":25},"end":{"line":35,"column":50}},"line":35}},"branchMap":{"0":{"loc":{"start":{"line":11,"column":4},"end":{"line":11,"column":31}},"type":"if","locations":[{"start":{"line":11,"column":4},"end":{"line":11,"column":31}},{"start":{},"end":{}}],"line":11},"1":{"loc":{"start":{"line":16,"column":6},"end":{"line":20,"column":7}},"type":"if","locations":[{"start":{"line":16,"column":6},"end":{"line":20,"column":7}},{"start":{"line":18,"column":13},"end":{"line":20,"column":7}}],"line":16},"2":{"loc":{"start":{"line":23,"column":15},"end":{"line":23,"column":46}},"type":"binary-expr","locations":[{"start":{"line":23,"column":15},"end":{"line":23,"column":24}},{"start":{"line":23,"column":28},"end":{"line":23,"column":46}}],"line":23},"3":{"loc":{"start":{"line":38,"column":9},"end":{"line":38,"column":48}},"type":"cond-expr","locations":[{"start":{"line":38,"column":19},"end":{"line":38,"column":32}},{"start":{"line":38,"column":35},"end":{"line":38,"column":48}}],"line":38},"4":{"loc":{"start":{"line":40,"column":7},"end":{"line":40,"column":48}},"type":"binary-expr","locations":[{"start":{"line":40,"column":7},"end":{"line":40,"column":12}},{"start":{"line":40,"column":16},"end":{"line":40,"column":48}}],"line":40}},"s":{"0":0,"1":0,"2":0,"3":0,"4":0,"5":0,"6":0,"7":0,"8":0,"9":0,"10":0,"11":0,"12":0,"13":0,"14":0,"15":0,"16":0,"17":0,"18":0},"f":{"0":0,"1":0,"2":0},"b":{"0":[0,0],"1":[0,0],"2":[0,0],"3":[0,0],"4":[0,0]}}
,"C:\\Users\\Sakshi kumari\\Downloads\\prodesk\\cine-stream\\src\\components\\MoodMatcher.test.jsx": {"path":"C:\\Users\\Sakshi kumari\\Downloads\\prodesk\\cine-stream\\src\\components\\MoodMatcher.test.jsx","statementMap":{"0":{"start":{"line":7,"column":0},"end":{"line":7,"column":27}},"1":{"start":{"line":9,"column":0},"end":{"line":140,"column":3}},"2":{"start":{"line":10,"column":2},"end":{"line":12,"column":5}},"3":{"start":{"line":11,"column":4},"end":{"line":11,"column":25}},"4":{"start":{"line":14,"column":2},"end":{"line":18,"column":5}},"5":{"start":{"line":15,"column":4},"end":{"line":15,"column":58}},"6":{"start":{"line":16,"column":4},"end":{"line":16,"column":48}},"7":{"start":{"line":17,"column":4},"end":{"line":17,"column":80}},"8":{"start":{"line":20,"column":2},"end":{"line":23,"column":5}},"9":{"start":{"line":21,"column":4},"end":{"line":21,"column":48}},"10":{"start":{"line":22,"column":4},"end":{"line":22,"column":80}},"11":{"start":{"line":25,"column":2},"end":{"line":28,"column":5}},"12":{"start":{"line":26,"column":4},"end":{"line":26,"column":48}},"13":{"start":{"line":27,"column":4},"end":{"line":27,"column":85}},"14":{"start":{"line":30,"column":2},"end":{"line":38,"column":5}},"15":{"start":{"line":31,"column":17},"end":{"line":31,"column":34}},"16":{"start":{"line":32,"column":4},"end":{"line":32,"column":48}},"17":{"start":{"line":34,"column":18},"end":{"line":34,"column":65}},"18":{"start":{"line":35,"column":4},"end":{"line":35,"column":42}},"19":{"start":{"line":37,"column":4},"end":{"line":37,"column":45}},"20":{"start":{"line":40,"column":2},"end":{"line":55,"column":5}},"21":{"start":{"line":41,"column":17},"end":{"line":41,"column":34}},"22":{"start":{"line":42,"column":24},"end":{"line":42,"column":33}},"23":{"start":{"line":43,"column":4},"end":{"line":43,"column":55}},"24":{"start":{"line":45,"column":4},"end":{"line":45,"column":50}},"25":{"start":{"line":47,"column":18},"end":{"line":47,"column":65}},"26":{"start":{"line":48,"column":19},"end":{"line":48,"column":71}},"27":{"start":{"line":50,"column":4},"end":{"line":50,"column":42}},"28":{"start":{"line":51,"column":4},"end":{"line":51,"column":29}},"29":{"start":{"line":53,"column":4},"end":{"line":53,"column":71}},"30":{"start":{"line":54,"column":4},"end":{"line":54,"column":55}},"31":{"start":{"line":57,"column":2},"end":{"line":73,"column":5}},"32":{"start":{"line":58,"column":17},"end":{"line":58,"column":34}},"33":{"start":{"line":59,"column":4},"end":{"line":61,"column":6}},"34":{"start":{"line":60,"column":12},"end":{"line":60,"column":78}},"35":{"start":{"line":60,"column":37},"end":{"line":60,"column":77}},"36":{"start":{"line":60,"column":54},"end":{"line":60,"column":71}},"37":{"start":{"line":63,"column":4},"end":{"line":63,"column":48}},"38":{"start":{"line":65,"column":18},"end":{"line":65,"column":65}},"39":{"start":{"line":66,"column":19},"end":{"line":66,"column":45}},"40":{"start":{"line":68,"column":4},"end":{"line":68,"column":36}},"41":{"start":{"line":69,"column":4},"end":{"line":69,"column":29}},"42":{"start":{"line":71,"column":4},"end":{"line":71,"column":52}},"43":{"start":{"line":72,"column":4},"end":{"line":72,"column":34}},"44":{"start":{"line":75,"column":2},"end":{"line":89,"column":5}},"45":{"start":{"line":76,"column":17},"end":{"line":76,"column":34}},"46":{"start":{"line":77,"column":25},"end":{"line":77,"column":45}},"47":{"start":{"line":78,"column":4},"end":{"line":78,"column":70}},"48":{"start":{"line":80,"column":4},"end":{"line":80,"column":48}},"49":{"start":{"line":82,"column":18},"end":{"line":82,"column":65}},"50":{"start":{"line":83,"column":19},"end":{"line":83,"column":45}},"51":{"start":{"line":85,"column":4},"end":{"line":85,"column":34}},"52":{"start":{"line":86,"column":4},"end":{"line":86,"column":29}},"53":{"start":{"line":88,"column":4},"end":{"line":88,"column":63}},"54":{"start":{"line":91,"column":2},"end":{"line":106,"column":5}},"55":{"start":{"line":92,"column":17},"end":{"line":92,"column":34}},"56":{"start":{"line":93,"column":4},"end":{"line":95,"column":6}},"57":{"start":{"line":94,"column":12},"end":{"line":94,"column":78}},"58":{"start":{"line":94,"column":37},"end":{"line":94,"column":77}},"59":{"start":{"line":94,"column":54},"end":{"line":94,"column":71}},"60":{"start":{"line":97,"column":4},"end":{"line":97,"column":48}},"61":{"start":{"line":99,"column":18},"end":{"line":99,"column":65}},"62":{"start":{"line":100,"column":19},"end":{"line":100,"column":45}},"63":{"start":{"line":102,"column":4},"end":{"line":102,"column":38}},"64":{"start":{"line":103,"column":4},"end":{"line":103,"column":29}},"65":{"start":{"line":105,"column":4},"end":{"line":105,"column":34}},"66":{"start":{"line":108,"column":2},"end":{"line":119,"column":5}},"67":{"start":{"line":109,"column":17},"end":{"line":109,"column":34}},"68":{"start":{"line":110,"column":24},"end":{"line":110,"column":33}},"69":{"start":{"line":112,"column":4},"end":{"line":112,"column":50}},"70":{"start":{"line":114,"column":19},"end":{"line":114,"column":45}},"71":{"start":{"line":115,"column":4},"end":{"line":115,"column":29}},"72":{"start":{"line":117,"column":4},"end":{"line":117,"column":58}},"73":{"start":{"line":118,"column":4},"end":{"line":118,"column":47}},"74":{"start":{"line":121,"column":2},"end":{"line":124,"column":5}},"75":{"start":{"line":122,"column":26},"end":{"line":122,"column":69}},"76":{"start":{"line":123,"column":4},"end":{"line":123,"column":70}},"77":{"start":{"line":126,"column":2},"end":{"line":139,"column":5}},"78":{"start":{"line":127,"column":17},"end":{"line":127,"column":34}},"79":{"start":{"line":128,"column":4},"end":{"line":128,"column":70}},"80":{"start":{"line":130,"column":26},"end":{"line":130,"column":69}},"81":{"start":{"line":132,"column":18},"end":{"line":132,"column":65}},"82":{"start":{"line":133,"column":19},"end":{"line":133,"column":45}},"83":{"start":{"line":135,"column":4},"end":{"line":135,"column":39}},"84":{"start":{"line":136,"column":4},"end":{"line":136,"column":29}},"85":{"start":{"line":138,"column":4},"end":{"line":138,"column":66}}},"fnMap":{"0":{"name":"(anonymous_0)","decl":{"start":{"line":9,"column":34},"end":{"line":9,"column":35}},"loc":{"start":{"line":9,"column":40},"end":{"line":140,"column":1}},"line":9},"1":{"name":"(anonymous_1)","decl":{"start":{"line":10,"column":13},"end":{"line":10,"column":14}},"loc":{"start":{"line":10,"column":19},"end":{"line":12,"column":3}},"line":10},"2":{"name":"(anonymous_2)","decl":{"start":{"line":14,"column":33},"end":{"line":14,"column":34}},"loc":{"start":{"line":14,"column":39},"end":{"line":18,"column":3}},"line":14},"3":{"name":"(anonymous_3)","decl":{"start":{"line":20,"column":33},"end":{"line":20,"column":34}},"loc":{"start":{"line":20,"column":39},"end":{"line":23,"column":3}},"line":20},"4":{"name":"(anonymous_4)","decl":{"start":{"line":25,"column":31},"end":{"line":25,"column":32}},"loc":{"start":{"line":25,"column":37},"end":{"line":28,"column":3}},"line":25},"5":{"name":"(anonymous_5)","decl":{"start":{"line":30,"column":27},"end":{"line":30,"column":28}},"loc":{"start":{"line":30,"column":39},"end":{"line":38,"column":3}},"line":30},"6":{"name":"(anonymous_6)","decl":{"start":{"line":40,"column":60},"end":{"line":40,"column":61}},"loc":{"start":{"line":40,"column":72},"end":{"line":55,"column":3}},"line":40},"7":{"name":"(anonymous_7)","decl":{"start":{"line":57,"column":43},"end":{"line":57,"column":44}},"loc":{"start":{"line":57,"column":55},"end":{"line":73,"column":3}},"line":57},"8":{"name":"(anonymous_8)","decl":{"start":{"line":60,"column":6},"end":{"line":60,"column":7}},"loc":{"start":{"line":60,"column":12},"end":{"line":60,"column":78}},"line":60},"9":{"name":"(anonymous_9)","decl":{"start":{"line":60,"column":24},"end":{"line":60,"column":25}},"loc":{"start":{"line":60,"column":37},"end":{"line":60,"column":77}},"line":60},"10":{"name":"(anonymous_10)","decl":{"start":{"line":60,"column":48},"end":{"line":60,"column":49}},"loc":{"start":{"line":60,"column":54},"end":{"line":60,"column":71}},"line":60},"11":{"name":"(anonymous_11)","decl":{"start":{"line":75,"column":46},"end":{"line":75,"column":47}},"loc":{"start":{"line":75,"column":58},"end":{"line":89,"column":3}},"line":75},"12":{"name":"(anonymous_12)","decl":{"start":{"line":91,"column":45},"end":{"line":91,"column":46}},"loc":{"start":{"line":91,"column":57},"end":{"line":106,"column":3}},"line":91},"13":{"name":"(anonymous_13)","decl":{"start":{"line":94,"column":6},"end":{"line":94,"column":7}},"loc":{"start":{"line":94,"column":12},"end":{"line":94,"column":78}},"line":94},"14":{"name":"(anonymous_14)","decl":{"start":{"line":94,"column":24},"end":{"line":94,"column":25}},"loc":{"start":{"line":94,"column":37},"end":{"line":94,"column":77}},"line":94},"15":{"name":"(anonymous_15)","decl":{"start":{"line":94,"column":48},"end":{"line":94,"column":49}},"loc":{"start":{"line":94,"column":54},"end":{"line":94,"column":71}},"line":94},"16":{"name":"(anonymous_16)","decl":{"start":{"line":108,"column":41},"end":{"line":108,"column":42}},"loc":{"start":{"line":108,"column":53},"end":{"line":119,"column":3}},"line":108},"17":{"name":"(anonymous_17)","decl":{"start":{"line":121,"column":42},"end":{"line":121,"column":43}},"loc":{"start":{"line":121,"column":48},"end":{"line":124,"column":3}},"line":121},"18":{"name":"(anonymous_18)","decl":{"start":{"line":126,"column":54},"end":{"line":126,"column":55}},"loc":{"start":{"line":126,"column":66},"end":{"line":139,"column":3}},"line":126}},"branchMap":{},"s":{"0":0,"1":0,"2":0,"3":0,"4":0,"5":0,"6":0,"7":0,"8":0,"9":0,"10":0,"11":0,"12":0,"13":0,"14":0,"15":0,"16":0,"17":0,"18":0,"19":0,"20":0,"21":0,"22":0,"23":0,"24":0,"25":0,"26":0,"27":0,"28":0,"29":0,"30":0,"31":0,"32":0,"33":0,"34":0,"35":0,"36":0,"37":0,"38":0,"39":0,"40":0,"41":0,"42":0,"43":0,"44":0,"45":0,"46":0,"47":0,"48":0,"49":0,"50":0,"51":0,"52":0,"53":0,"54":0,"55":0,"56":0,"57":0,"58":0,"59":0,"60":0,"61":0,"62":0,"63":0,"64":0,"65":0,"66":0,"67":0,"68":0,"69":0,"70":0,"71":0,"72":0,"73":0,"74":0,"75":0,"76":0,"77":0,"78":0,"79":0,"80":0,"81":0,"82":0,"83":0,"84":0,"85":0},"f":{"0":0,"1":0,"2":0,"3":0,"4":0,"5":0,"6":0,"7":0,"8":0,"9":0,"10":0,"11":0,"12":0,"13":0,"14":0,"15":0,"16":0,"17":0,"18":0},"b":{}}
,"C:\\Users\\Sakshi kumari\\Downloads\\prodesk\\cine-stream\\src\\components\\MovieCard.jsx": {"path":"C:\\Users\\Sakshi kumari\\Downloads\\prodesk\\cine-stream\\src\\components\\MovieCard.jsx","statementMap":{"0":{"start":{"line":4,"column":18},"end":{"line":34,"column":1}},"1":{"start":{"line":5,"column":63},"end":{"line":5,"column":91}},"2":{"start":{"line":6,"column":20},"end":{"line":6,"column":41}},"3":{"start":{"line":8,"column":30},"end":{"line":14,"column":3}},"4":{"start":{"line":9,"column":4},"end":{"line":13,"column":5}},"5":{"start":{"line":10,"column":6},"end":{"line":10,"column":36}},"6":{"start":{"line":12,"column":6},"end":{"line":12,"column":28}},"7":{"start":{"line":16,"column":2},"end":{"line":33,"column":4}}},"fnMap":{"0":{"name":"(anonymous_0)","decl":{"start":{"line":4,"column":18},"end":{"line":4,"column":19}},"loc":{"start":{"line":4,"column":33},"end":{"line":34,"column":1}},"line":4},"1":{"name":"(anonymous_1)","decl":{"start":{"line":8,"column":30},"end":{"line":8,"column":31}},"loc":{"start":{"line":8,"column":36},"end":{"line":14,"column":3}},"line":8}},"branchMap":{"0":{"loc":{"start":{"line":9,"column":4},"end":{"line":13,"column":5}},"type":"if","locations":[{"start":{"line":9,"column":4},"end":{"line":13,"column":5}},{"start":{"line":11,"column":11},"end":{"line":13,"column":5}}],"line":9},"1":{"loc":{"start":{"line":28,"column":35},"end":{"line":28,"column":60}},"type":"cond-expr","locations":[{"start":{"line":28,"column":47},"end":{"line":28,"column":55}},{"start":{"line":28,"column":58},"end":{"line":28,"column":60}}],"line":28},"2":{"loc":{"start":{"line":30,"column":9},"end":{"line":30,"column":32}},"type":"cond-expr","locations":[{"start":{"line":30,"column":21},"end":{"line":30,"column":25}},{"start":{"line":30,"column":28},"end":{"line":30,"column":32}}],"line":30}},"s":{"0":0,"1":0,"2":0,"3":0,"4":0,"5":0,"6":0,"7":0},"f":{"0":0,"1":0},"b":{"0":[0,0],"1":[0,0],"2":[0,0]}}
,"C:\\Users\\Sakshi kumari\\Downloads\\prodesk\\cine-stream\\src\\components\\MovieCard.test.jsx": {"path":"C:\\Users\\Sakshi kumari\\Downloads\\prodesk\\cine-stream\\src\\components\\MovieCard.test.jsx","statementMap":{"0":{"start":{"line":7,"column":18},"end":{"line":11,"column":1}},"1":{"start":{"line":13,"column":25},"end":{"line":17,"column":1}},"2":{"start":{"line":16,"column":31},"end":{"line":16,"column":36}},"3":{"start":{"line":19,"column":38},"end":{"line":23,"column":1}},"4":{"start":{"line":22,"column":31},"end":{"line":22,"column":39}},"5":{"start":{"line":25,"column":0},"end":{"line":144,"column":3}},"6":{"start":{"line":26,"column":2},"end":{"line":33,"column":5}},"7":{"start":{"line":27,"column":4},"end":{"line":31,"column":6}},"8":{"start":{"line":32,"column":4},"end":{"line":32,"column":77}},"9":{"start":{"line":35,"column":2},"end":{"line":42,"column":5}},"10":{"start":{"line":36,"column":4},"end":{"line":40,"column":6}},"11":{"start":{"line":41,"column":4},"end":{"line":41,"column":77}},"12":{"start":{"line":44,"column":2},"end":{"line":55,"column":5}},"13":{"start":{"line":45,"column":4},"end":{"line":49,"column":6}},"14":{"start":{"line":50,"column":16},"end":{"line":50,"column":63}},"15":{"start":{"line":51,"column":4},"end":{"line":54,"column":6}},"16":{"start":{"line":57,"column":2},"end":{"line":64,"column":5}},"17":{"start":{"line":58,"column":4},"end":{"line":62,"column":6}},"18":{"start":{"line":63,"column":4},"end":{"line":63,"column":63}},"19":{"start":{"line":66,"column":2},"end":{"line":73,"column":5}},"20":{"start":{"line":67,"column":4},"end":{"line":71,"column":6}},"21":{"start":{"line":72,"column":4},"end":{"line":72,"column":63}},"22":{"start":{"line":75,"column":2},"end":{"line":93,"column":5}},"23":{"start":{"line":76,"column":17},"end":{"line":76,"column":34}},"24":{"start":{"line":77,"column":20},"end":{"line":77,"column":29}},"25":{"start":{"line":78,"column":25},"end":{"line":81,"column":5}},"26":{"start":{"line":83,"column":4},"end":{"line":87,"column":6}},"27":{"start":{"line":89,"column":19},"end":{"line":89,"column":45}},"28":{"start":{"line":90,"column":4},"end":{"line":90,"column":29}},"29":{"start":{"line":92,"column":4},"end":{"line":92,"column":52}},"30":{"start":{"line":95,"column":2},"end":{"line":113,"column":5}},"31":{"start":{"line":96,"column":17},"end":{"line":96,"column":34}},"32":{"start":{"line":97,"column":23},"end":{"line":97,"column":32}},"33":{"start":{"line":98,"column":25},"end":{"line":101,"column":5}},"34":{"start":{"line":103,"column":4},"end":{"line":107,"column":6}},"35":{"start":{"line":109,"column":19},"end":{"line":109,"column":45}},"36":{"start":{"line":110,"column":4},"end":{"line":110,"column":29}},"37":{"start":{"line":112,"column":4},"end":{"line":112,"column":47}},"38":{"start":{"line":115,"column":2},"end":{"line":122,"column":5}},"39":{"start":{"line":116,"column":4},"end":{"line":120,"column":6}},"40":{"start":{"line":121,"column":4},"end":{"line":121,"column":67}},"41":{"start":{"line":124,"column":2},"end":{"line":131,"column":5}},"42":{"start":{"line":125,"column":4},"end":{"line":129,"column":6}},"43":{"start":{"line":130,"column":4},"end":{"line":130,"column":77}},"44":{"start":{"line":133,"column":2},"end":{"line":143,"column":5}},"45":{"start":{"line":134,"column":4},"end":{"line":138,"column":6}},"46":{"start":{"line":139,"column":4},"end":{"line":142,"column":6}}},"fnMap":{"0":{"name":"(anonymous_0)","decl":{"start":{"line":16,"column":23},"end":{"line":16,"column":24}},"loc":{"start":{"line":16,"column":31},"end":{"line":16,"column":36}},"line":16},"1":{"name":"(anonymous_1)","decl":{"start":{"line":22,"column":23},"end":{"line":22,"column":24}},"loc":{"start":{"line":22,"column":31},"end":{"line":22,"column":39}},"line":22},"2":{"name":"(anonymous_2)","decl":{"start":{"line":25,"column":32},"end":{"line":25,"column":33}},"loc":{"start":{"line":25,"column":38},"end":{"line":144,"column":1}},"line":25},"3":{"name":"(anonymous_3)","decl":{"start":{"line":26,"column":33},"end":{"line":26,"column":34}},"loc":{"start":{"line":26,"column":39},"end":{"line":33,"column":3}},"line":26},"4":{"name":"(anonymous_4)","decl":{"start":{"line":35,"column":33},"end":{"line":35,"column":34}},"loc":{"start":{"line":35,"column":39},"end":{"line":42,"column":3}},"line":35},"5":{"name":"(anonymous_5)","decl":{"start":{"line":44,"column":40},"end":{"line":44,"column":41}},"loc":{"start":{"line":44,"column":46},"end":{"line":55,"column":3}},"line":44},"6":{"name":"(anonymous_6)","decl":{"start":{"line":57,"column":57},"end":{"line":57,"column":58}},"loc":{"start":{"line":57,"column":63},"end":{"line":64,"column":3}},"line":57},"7":{"name":"(anonymous_7)","decl":{"start":{"line":66,"column":54},"end":{"line":66,"column":55}},"loc":{"start":{"line":66,"column":60},"end":{"line":73,"column":3}},"line":66},"8":{"name":"(anonymous_8)","decl":{"start":{"line":75,"column":58},"end":{"line":75,"column":59}},"loc":{"start":{"line":75,"column":70},"end":{"line":93,"column":3}},"line":75},"9":{"name":"(anonymous_9)","decl":{"start":{"line":95,"column":61},"end":{"line":95,"column":62}},"loc":{"start":{"line":95,"column":73},"end":{"line":113,"column":3}},"line":95},"10":{"name":"(anonymous_10)","decl":{"start":{"line":115,"column":32},"end":{"line":115,"column":33}},"loc":{"start":{"line":115,"column":38},"end":{"line":122,"column":3}},"line":115},"11":{"name":"(anonymous_11)","decl":{"start":{"line":124,"column":41},"end":{"line":124,"column":42}},"loc":{"start":{"line":124,"column":47},"end":{"line":131,"column":3}},"line":124},"12":{"name":"(anonymous_12)","decl":{"start":{"line":133,"column":41},"end":{"line":133,"column":42}},"loc":{"start":{"line":133,"column":47},"end":{"line":143,"column":3}},"line":133}},"branchMap":{},"s":{"0":0,"1":0,"2":0,"3":0,"4":0,"5":0,"6":0,"7":0,"8":0,"9":0,"10":0,"11":0,"12":0,"13":0,"14":0,"15":0,"16":0,"17":0,"18":0,"19":0,"20":0,"21":0,"22":0,"23":0,"24":0,"25":0,"26":0,"27":0,"28":0,"29":0,"30":0,"31":0,"32":0,"33":0,"34":0,"35":0,"36":0,"37":0,"38":0,"39":0,"40":0,"41":0,"42":0,"43":0,"44":0,"45":0,"46":0},"f":{"0":0,"1":0,"2":0,"3":0,"4":0,"5":0,"6":0,"7":0,"8":0,"9":0,"10":0,"11":0,"12":0},"b":{}}
,"C:\\Users\\Sakshi kumari\\Downloads\\prodesk\\cine-stream\\src\\components\\MovieGrid.jsx": {"path":"C:\\Users\\Sakshi kumari\\Downloads\\prodesk\\cine-stream\\src\\components\\MovieGrid.jsx","statementMap":{"0":{"start":{"line":6,"column":52},"end":{"line":6,"column":66}},"1":{"start":{"line":7,"column":19},"end":{"line":7,"column":27}},"2":{"start":{"line":8,"column":25},"end":{"line":20,"column":3}},"3":{"start":{"line":10,"column":6},"end":{"line":10,"column":26}},"4":{"start":{"line":10,"column":19},"end":{"line":10,"column":26}},"5":{"start":{"line":11,"column":6},"end":{"line":11,"column":58}},"6":{"start":{"line":11,"column":28},"end":{"line":11,"column":58}},"7":{"start":{"line":12,"column":6},"end":{"line":16,"column":9}},"8":{"start":{"line":13,"column":8},"end":{"line":15,"column":9}},"9":{"start":{"line":14,"column":10},"end":{"line":14,"column":21}},"10":{"start":{"line":17,"column":6},"end":{"line":17,"column":47}},"11":{"start":{"line":17,"column":16},"end":{"line":17,"column":47}},"12":{"start":{"line":22,"column":2},"end":{"line":24,"column":3}},"13":{"start":{"line":23,"column":4},"end":{"line":23,"column":57}},"14":{"start":{"line":26,"column":2},"end":{"line":51,"column":4}},"15":{"start":{"line":29,"column":8},"end":{"line":39,"column":9}},"16":{"start":{"line":30,"column":10},"end":{"line":38,"column":12}},"17":{"start":{"line":40,"column":8},"end":{"line":47,"column":10}}},"fnMap":{"0":{"name":"MovieGrid","decl":{"start":{"line":5,"column":24},"end":{"line":5,"column":33}},"loc":{"start":{"line":5,"column":74},"end":{"line":52,"column":1}},"line":5},"1":{"name":"(anonymous_1)","decl":{"start":{"line":9,"column":4},"end":{"line":9,"column":5}},"loc":{"start":{"line":9,"column":14},"end":{"line":18,"column":5}},"line":9},"2":{"name":"(anonymous_2)","decl":{"start":{"line":12,"column":50},"end":{"line":12,"column":51}},"loc":{"start":{"line":12,"column":63},"end":{"line":16,"column":7}},"line":12},"3":{"name":"(anonymous_3)","decl":{"start":{"line":28,"column":18},"end":{"line":28,"column":19}},"loc":{"start":{"line":28,"column":34},"end":{"line":48,"column":7}},"line":28}},"branchMap":{"0":{"loc":{"start":{"line":10,"column":6},"end":{"line":10,"column":26}},"type":"if","locations":[{"start":{"line":10,"column":6},"end":{"line":10,"column":26}},{"start":{},"end":{}}],"line":10},"1":{"loc":{"start":{"line":11,"column":6},"end":{"line":11,"column":58}},"type":"if","locations":[{"start":{"line":11,"column":6},"end":{"line":11,"column":58}},{"start":{},"end":{}}],"line":11},"2":{"loc":{"start":{"line":13,"column":8},"end":{"line":15,"column":9}},"type":"if","locations":[{"start":{"line":13,"column":8},"end":{"line":15,"column":9}},{"start":{},"end":{}}],"line":13},"3":{"loc":{"start":{"line":13,"column":12},"end":{"line":13,"column":48}},"type":"binary-expr","locations":[{"start":{"line":13,"column":12},"end":{"line":13,"column":37}},{"start":{"line":13,"column":41},"end":{"line":13,"column":48}}],"line":13},"4":{"loc":{"start":{"line":17,"column":6},"end":{"line":17,"column":47}},"type":"if","locations":[{"start":{"line":17,"column":6},"end":{"line":17,"column":47}},{"start":{},"end":{}}],"line":17},"5":{"loc":{"start":{"line":22,"column":2},"end":{"line":24,"column":3}},"type":"if","locations":[{"start":{"line":22,"column":2},"end":{"line":24,"column":3}},{"start":{},"end":{}}],"line":22},"6":{"loc":{"start":{"line":22,"column":6},"end":{"line":22,"column":37}},"type":"binary-expr","locations":[{"start":{"line":22,"column":6},"end":{"line":22,"column":14}},{"start":{"line":22,"column":18},"end":{"line":22,"column":37}}],"line":22},"7":{"loc":{"start":{"line":29,"column":8},"end":{"line":39,"column":9}},"type":"if","locations":[{"start":{"line":29,"column":8},"end":{"line":39,"column":9}},{"start":{},"end":{}}],"line":29},"8":{"loc":{"start":{"line":49,"column":7},"end":{"line":49,"column":35}},"type":"binary-expr","locations":[{"start":{"line":49,"column":7},"end":{"line":49,"column":14}},{"start":{"line":49,"column":18},"end":{"line":49,"column":35}}],"line":49}},"s":{"0":0,"1":0,"2":0,"3":0,"4":0,"5":0,"6":0,"7":0,"8":0,"9":0,"10":0,"11":0,"12":0,"13":0,"14":0,"15":0,"16":0,"17":0},"f":{"0":0,"1":0,"2":0,"3":0},"b":{"0":[0,0],"1":[0,0],"2":[0,0],"3":[0,0],"4":[0,0],"5":[0,0],"6":[0,0],"7":[0,0],"8":[0,0]}}
,"C:\\Users\\Sakshi kumari\\Downloads\\prodesk\\cine-stream\\src\\components\\MovieGrid.test.jsx": {"path":"C:\\Users\\Sakshi kumari\\Downloads\\prodesk\\cine-stream\\src\\components\\MovieGrid.test.jsx","statementMap":{"0":{"start":{"line":6,"column":19},"end":{"line":17,"column":1}},"1":{"start":{"line":19,"column":31},"end":{"line":23,"column":1}},"2":{"start":{"line":21,"column":28},"end":{"line":21,"column":33}},"3":{"start":{"line":25,"column":0},"end":{"line":134,"column":3}},"4":{"start":{"line":26,"column":2},"end":{"line":28,"column":5}},"5":{"start":{"line":27,"column":4},"end":{"line":27,"column":81}},"6":{"start":{"line":30,"column":2},"end":{"line":32,"column":5}},"7":{"start":{"line":31,"column":4},"end":{"line":31,"column":27}},"8":{"start":{"line":34,"column":2},"end":{"line":44,"column":5}},"9":{"start":{"line":35,"column":4},"end":{"line":42,"column":6}},"10":{"start":{"line":43,"column":4},"end":{"line":43,"column":77}},"11":{"start":{"line":46,"column":2},"end":{"line":57,"column":5}},"12":{"start":{"line":47,"column":4},"end":{"line":54,"column":6}},"13":{"start":{"line":55,"column":4},"end":{"line":55,"column":77}},"14":{"start":{"line":56,"column":4},"end":{"line":56,"column":66}},"15":{"start":{"line":59,"column":2},"end":{"line":69,"column":5}},"16":{"start":{"line":60,"column":4},"end":{"line":67,"column":6}},"17":{"start":{"line":68,"column":4},"end":{"line":68,"column":63}},"18":{"start":{"line":71,"column":2},"end":{"line":81,"column":5}},"19":{"start":{"line":72,"column":4},"end":{"line":79,"column":6}},"20":{"start":{"line":80,"column":4},"end":{"line":80,"column":69}},"21":{"start":{"line":83,"column":2},"end":{"line":94,"column":5}},"22":{"start":{"line":84,"column":4},"end":{"line":91,"column":6}},"23":{"start":{"line":92,"column":23},"end":{"line":92,"column":52}},"24":{"start":{"line":93,"column":4},"end":{"line":93,"column":55}},"25":{"start":{"line":96,"column":2},"end":{"line":106,"column":5}},"26":{"start":{"line":97,"column":26},"end":{"line":104,"column":5}},"27":{"start":{"line":105,"column":4},"end":{"line":105,"column":65}},"28":{"start":{"line":108,"column":2},"end":{"line":118,"column":5}},"29":{"start":{"line":109,"column":26},"end":{"line":116,"column":5}},"30":{"start":{"line":117,"column":4},"end":{"line":117,"column":70}},"31":{"start":{"line":120,"column":2},"end":{"line":133,"column":5}},"32":{"start":{"line":121,"column":4},"end":{"line":128,"column":6}},"33":{"start":{"line":129,"column":19},"end":{"line":129,"column":45}},"34":{"start":{"line":130,"column":4},"end":{"line":130,"column":51}},"35":{"start":{"line":131,"column":4},"end":{"line":131,"column":73}},"36":{"start":{"line":132,"column":4},"end":{"line":132,"column":62}}},"fnMap":{"0":{"name":"(anonymous_0)","decl":{"start":{"line":21,"column":22},"end":{"line":21,"column":23}},"loc":{"start":{"line":21,"column":28},"end":{"line":21,"column":33}},"line":21},"1":{"name":"(anonymous_1)","decl":{"start":{"line":25,"column":32},"end":{"line":25,"column":33}},"loc":{"start":{"line":25,"column":38},"end":{"line":134,"column":1}},"line":25},"2":{"name":"(anonymous_2)","decl":{"start":{"line":26,"column":13},"end":{"line":26,"column":14}},"loc":{"start":{"line":26,"column":19},"end":{"line":28,"column":3}},"line":26},"3":{"name":"(anonymous_3)","decl":{"start":{"line":30,"column":12},"end":{"line":30,"column":13}},"loc":{"start":{"line":30,"column":18},"end":{"line":32,"column":3}},"line":30},"4":{"name":"(anonymous_4)","decl":{"start":{"line":34,"column":33},"end":{"line":34,"column":34}},"loc":{"start":{"line":34,"column":39},"end":{"line":44,"column":3}},"line":34},"5":{"name":"(anonymous_5)","decl":{"start":{"line":46,"column":28},"end":{"line":46,"column":29}},"loc":{"start":{"line":46,"column":34},"end":{"line":57,"column":3}},"line":46},"6":{"name":"(anonymous_6)","decl":{"start":{"line":59,"column":46},"end":{"line":59,"column":47}},"loc":{"start":{"line":59,"column":52},"end":{"line":69,"column":3}},"line":59},"7":{"name":"(anonymous_7)","decl":{"start":{"line":71,"column":52},"end":{"line":71,"column":53}},"loc":{"start":{"line":71,"column":58},"end":{"line":81,"column":3}},"line":71},"8":{"name":"(anonymous_8)","decl":{"start":{"line":83,"column":46},"end":{"line":83,"column":47}},"loc":{"start":{"line":83,"column":52},"end":{"line":94,"column":3}},"line":83},"9":{"name":"(anonymous_9)","decl":{"start":{"line":96,"column":31},"end":{"line":96,"column":32}},"loc":{"start":{"line":96,"column":37},"end":{"line":106,"column":3}},"line":96},"10":{"name":"(anonymous_10)","decl":{"start":{"line":108,"column":51},"end":{"line":108,"column":52}},"loc":{"start":{"line":108,"column":57},"end":{"line":118,"column":3}},"line":108},"11":{"name":"(anonymous_11)","decl":{"start":{"line":120,"column":42},"end":{"line":120,"column":43}},"loc":{"start":{"line":120,"column":48},"end":{"line":133,"column":3}},"line":120}},"branchMap":{},"s":{"0":0,"1":0,"2":0,"3":0,"4":0,"5":0,"6":0,"7":0,"8":0,"9":0,"10":0,"11":0,"12":0,"13":0,"14":0,"15":0,"16":0,"17":0,"18":0,"19":0,"20":0,"21":0,"22":0,"23":0,"24":0,"25":0,"26":0,"27":0,"28":0,"29":0,"30":0,"31":0,"32":0,"33":0,"34":0,"35":0,"36":0},"f":{"0":0,"1":0,"2":0,"3":0,"4":0,"5":0,"6":0,"7":0,"8":0,"9":0,"10":0,"11":0},"b":{}}
,"C:\\Users\\Sakshi kumari\\Downloads\\prodesk\\cine-stream\\src\\components\\SearchBar.jsx": {"path":"C:\\Users\\Sakshi kumari\\Downloads\\prodesk\\cine-stream\\src\\components\\SearchBar.jsx","statementMap":{"0":{"start":{"line":4,"column":2},"end":{"line":12,"column":4}},"1":{"start":{"line":9,"column":23},"end":{"line":9,"column":47}}},"fnMap":{"0":{"name":"SearchBar","decl":{"start":{"line":3,"column":24},"end":{"line":3,"column":33}},"loc":{"start":{"line":3,"column":89},"end":{"line":13,"column":1}},"line":3},"1":{"name":"(anonymous_1)","decl":{"start":{"line":9,"column":16},"end":{"line":9,"column":17}},"loc":{"start":{"line":9,"column":23},"end":{"line":9,"column":47}},"line":9}},"branchMap":{"0":{"loc":{"start":{"line":3,"column":53},"end":{"line":3,"column":85}},"type":"default-arg","locations":[{"start":{"line":3,"column":67},"end":{"line":3,"column":85}}],"line":3}},"s":{"0":0,"1":0},"f":{"0":0,"1":0},"b":{"0":[0]}}
,"C:\\Users\\Sakshi kumari\\Downloads\\prodesk\\cine-stream\\src\\components\\SearchBar.test.jsx": {"path":"C:\\Users\\Sakshi kumari\\Downloads\\prodesk\\cine-stream\\src\\components\\SearchBar.test.jsx","statementMap":{"0":{"start":{"line":6,"column":0},"end":{"line":72,"column":3}},"1":{"start":{"line":7,"column":2},"end":{"line":11,"column":5}},"2":{"start":{"line":8,"column":25},"end":{"line":8,"column":34}},"3":{"start":{"line":9,"column":4},"end":{"line":9,"column":59}},"4":{"start":{"line":10,"column":4},"end":{"line":10,"column":60}},"5":{"start":{"line":13,"column":2},"end":{"line":17,"column":5}},"6":{"start":{"line":14,"column":25},"end":{"line":14,"column":34}},"7":{"start":{"line":15,"column":4},"end":{"line":15,"column":59}},"8":{"start":{"line":16,"column":4},"end":{"line":16,"column":80}},"9":{"start":{"line":19,"column":2},"end":{"line":29,"column":5}},"10":{"start":{"line":20,"column":25},"end":{"line":20,"column":34}},"11":{"start":{"line":21,"column":4},"end":{"line":27,"column":6}},"12":{"start":{"line":28,"column":4},"end":{"line":28,"column":79}},"13":{"start":{"line":31,"column":2},"end":{"line":35,"column":5}},"14":{"start":{"line":32,"column":25},"end":{"line":32,"column":34}},"15":{"start":{"line":33,"column":4},"end":{"line":33,"column":68}},"16":{"start":{"line":34,"column":4},"end":{"line":34,"column":70}},"17":{"start":{"line":37,"column":2},"end":{"line":48,"column":5}},"18":{"start":{"line":38,"column":25},"end":{"line":38,"column":34}},"19":{"start":{"line":39,"column":17},"end":{"line":39,"column":34}},"20":{"start":{"line":40,"column":4},"end":{"line":40,"column":59}},"21":{"start":{"line":42,"column":18},"end":{"line":42,"column":45}},"22":{"start":{"line":43,"column":4},"end":{"line":43,"column":37}},"23":{"start":{"line":45,"column":4},"end":{"line":45,"column":51}},"24":{"start":{"line":46,"column":4},"end":{"line":46,"column":56}},"25":{"start":{"line":47,"column":4},"end":{"line":47,"column":50}},"26":{"start":{"line":50,"column":2},"end":{"line":59,"column":5}},"27":{"start":{"line":51,"column":25},"end":{"line":51,"column":34}},"28":{"start":{"line":52,"column":17},"end":{"line":52,"column":34}},"29":{"start":{"line":53,"column":4},"end":{"line":53,"column":63}},"30":{"start":{"line":55,"column":18},"end":{"line":55,"column":45}},"31":{"start":{"line":56,"column":4},"end":{"line":56,"column":28}},"32":{"start":{"line":58,"column":4},"end":{"line":58,"column":50}},"33":{"start":{"line":61,"column":2},"end":{"line":65,"column":5}},"34":{"start":{"line":62,"column":25},"end":{"line":62,"column":34}},"35":{"start":{"line":63,"column":4},"end":{"line":63,"column":59}},"36":{"start":{"line":64,"column":4},"end":{"line":64,"column":66}},"37":{"start":{"line":67,"column":2},"end":{"line":71,"column":5}},"38":{"start":{"line":68,"column":25},"end":{"line":68,"column":34}},"39":{"start":{"line":69,"column":4},"end":{"line":69,"column":59}},"40":{"start":{"line":70,"column":4},"end":{"line":70,"column":72}}},"fnMap":{"0":{"name":"(anonymous_0)","decl":{"start":{"line":6,"column":32},"end":{"line":6,"column":33}},"loc":{"start":{"line":6,"column":38},"end":{"line":72,"column":1}},"line":6},"1":{"name":"(anonymous_1)","decl":{"start":{"line":7,"column":33},"end":{"line":7,"column":34}},"loc":{"start":{"line":7,"column":39},"end":{"line":11,"column":3}},"line":7},"2":{"name":"(anonymous_2)","decl":{"start":{"line":13,"column":41},"end":{"line":13,"column":42}},"loc":{"start":{"line":13,"column":47},"end":{"line":17,"column":3}},"line":13},"3":{"name":"(anonymous_3)","decl":{"start":{"line":19,"column":52},"end":{"line":19,"column":53}},"loc":{"start":{"line":19,"column":58},"end":{"line":29,"column":3}},"line":19},"4":{"name":"(anonymous_4)","decl":{"start":{"line":31,"column":36},"end":{"line":31,"column":37}},"loc":{"start":{"line":31,"column":42},"end":{"line":35,"column":3}},"line":31},"5":{"name":"(anonymous_5)","decl":{"start":{"line":37,"column":43},"end":{"line":37,"column":44}},"loc":{"start":{"line":37,"column":55},"end":{"line":48,"column":3}},"line":37},"6":{"name":"(anonymous_6)","decl":{"start":{"line":50,"column":42},"end":{"line":50,"column":43}},"loc":{"start":{"line":50,"column":54},"end":{"line":59,"column":3}},"line":50},"7":{"name":"(anonymous_7)","decl":{"start":{"line":61,"column":38},"end":{"line":61,"column":39}},"loc":{"start":{"line":61,"column":44},"end":{"line":65,"column":3}},"line":61},"8":{"name":"(anonymous_8)","decl":{"start":{"line":67,"column":31},"end":{"line":67,"column":32}},"loc":{"start":{"line":67,"column":37},"end":{"line":71,"column":3}},"line":67}},"branchMap":{},"s":{"0":0,"1":0,"2":0,"3":0,"4":0,"5":0,"6":0,"7":0,"8":0,"9":0,"10":0,"11":0,"12":0,"13":0,"14":0,"15":0,"16":0,"17":0,"18":0,"19":0,"20":0,"21":0,"22":0,"23":0,"24":0,"25":0,"26":0,"27":0,"28":0,"29":0,"30":0,"31":0,"32":0,"33":0,"34":0,"35":0,"36":0,"37":0,"38":0,"39":0,"40":0},"f":{"0":0,"1":0,"2":0,"3":0,"4":0,"5":0,"6":0,"7":0,"8":0},"b":{}}
,"C:\\Users\\Sakshi kumari\\Downloads\\prodesk\\cine-stream\\src\\context\\FavoritesContext.jsx": {"path":"C:\\Users\\Sakshi kumari\\Downloads\\prodesk\\cine-stream\\src\\context\\FavoritesContext.jsx","statementMap":{"0":{"start":{"line":3,"column":32},"end":{"line":3,"column":47}},"1":{"start":{"line":5,"column":33},"end":{"line":36,"column":1}},"2":{"start":{"line":7,"column":36},"end":{"line":10,"column":4}},"3":{"start":{"line":8,"column":18},"end":{"line":8,"column":51}},"4":{"start":{"line":9,"column":4},"end":{"line":9,"column":42}},"5":{"start":{"line":12,"column":2},"end":{"line":14,"column":18}},"6":{"start":{"line":13,"column":4},"end":{"line":13,"column":65}},"7":{"start":{"line":16,"column":25},"end":{"line":21,"column":3}},"8":{"start":{"line":17,"column":4},"end":{"line":20,"column":7}},"9":{"start":{"line":18,"column":6},"end":{"line":18,"column":61}},"10":{"start":{"line":18,"column":27},"end":{"line":18,"column":46}},"11":{"start":{"line":18,"column":49},"end":{"line":18,"column":61}},"12":{"start":{"line":19,"column":6},"end":{"line":19,"column":30}},"13":{"start":{"line":23,"column":30},"end":{"line":25,"column":3}},"14":{"start":{"line":24,"column":4},"end":{"line":24,"column":67}},"15":{"start":{"line":24,"column":27},"end":{"line":24,"column":65}},"16":{"start":{"line":24,"column":46},"end":{"line":24,"column":64}},"17":{"start":{"line":27,"column":22},"end":{"line":29,"column":3}},"18":{"start":{"line":28,"column":4},"end":{"line":28,"column":53}},"19":{"start":{"line":28,"column":33},"end":{"line":28,"column":51}},"20":{"start":{"line":31,"column":2},"end":{"line":35,"column":4}}},"fnMap":{"0":{"name":"(anonymous_0)","decl":{"start":{"line":5,"column":33},"end":{"line":5,"column":34}},"loc":{"start":{"line":5,"column":51},"end":{"line":36,"column":1}},"line":5},"1":{"name":"(anonymous_1)","decl":{"start":{"line":7,"column":45},"end":{"line":7,"column":46}},"loc":{"start":{"line":7,"column":51},"end":{"line":10,"column":3}},"line":7},"2":{"name":"(anonymous_2)","decl":{"start":{"line":12,"column":12},"end":{"line":12,"column":13}},"loc":{"start":{"line":12,"column":18},"end":{"line":14,"column":3}},"line":12},"3":{"name":"(anonymous_3)","decl":{"start":{"line":16,"column":25},"end":{"line":16,"column":26}},"loc":{"start":{"line":16,"column":36},"end":{"line":21,"column":3}},"line":16},"4":{"name":"(anonymous_4)","decl":{"start":{"line":17,"column":17},"end":{"line":17,"column":18}},"loc":{"start":{"line":17,"column":27},"end":{"line":20,"column":5}},"line":17},"5":{"name":"(anonymous_5)","decl":{"start":{"line":18,"column":20},"end":{"line":18,"column":21}},"loc":{"start":{"line":18,"column":27},"end":{"line":18,"column":46}},"line":18},"6":{"name":"(anonymous_6)","decl":{"start":{"line":23,"column":30},"end":{"line":23,"column":31}},"loc":{"start":{"line":23,"column":43},"end":{"line":25,"column":3}},"line":23},"7":{"name":"(anonymous_7)","decl":{"start":{"line":24,"column":17},"end":{"line":24,"column":18}},"loc":{"start":{"line":24,"column":27},"end":{"line":24,"column":65}},"line":24},"8":{"name":"(anonymous_8)","decl":{"start":{"line":24,"column":39},"end":{"line":24,"column":40}},"loc":{"start":{"line":24,"column":46},"end":{"line":24,"column":64}},"line":24},"9":{"name":"(anonymous_9)","decl":{"start":{"line":27,"column":22},"end":{"line":27,"column":23}},"loc":{"start":{"line":27,"column":35},"end":{"line":29,"column":3}},"line":27},"10":{"name":"(anonymous_10)","decl":{"start":{"line":28,"column":26},"end":{"line":28,"column":27}},"loc":{"start":{"line":28,"column":33},"end":{"line":28,"column":51}},"line":28}},"branchMap":{"0":{"loc":{"start":{"line":9,"column":11},"end":{"line":9,"column":41}},"type":"cond-expr","locations":[{"start":{"line":9,"column":19},"end":{"line":9,"column":36}},{"start":{"line":9,"column":39},"end":{"line":9,"column":41}}],"line":9},"1":{"loc":{"start":{"line":18,"column":6},"end":{"line":18,"column":61}},"type":"if","locations":[{"start":{"line":18,"column":6},"end":{"line":18,"column":61}},{"start":{},"end":{}}],"line":18}},"s":{"0":0,"1":0,"2":0,"3":0,"4":0,"5":0,"6":0,"7":0,"8":0,"9":0,"10":0,"11":0,"12":0,"13":0,"14":0,"15":0,"16":0,"17":0,"18":0,"19":0,"20":0},"f":{"0":0,"1":0,"2":0,"3":0,"4":0,"5":0,"6":0,"7":0,"8":0,"9":0,"10":0},"b":{"0":[0,0],"1":[0,0]}}
,"C:\\Users\\Sakshi kumari\\Downloads\\prodesk\\cine-stream\\src\\hooks\\useDebounce.js": {"path":"C:\\Users\\Sakshi kumari\\Downloads\\prodesk\\cine-stream\\src\\hooks\\useDebounce.js","statementMap":{"0":{"start":{"line":5,"column":36},"end":{"line":5,"column":51}},"1":{"start":{"line":7,"column":2},"end":{"line":10,"column":21}},"2":{"start":{"line":8,"column":20},"end":{"line":8,"column":64}},"3":{"start":{"line":8,"column":37},"end":{"line":8,"column":56}},"4":{"start":{"line":9,"column":4},"end":{"line":9,"column":39}},"5":{"start":{"line":9,"column":17},"end":{"line":9,"column":38}},"6":{"start":{"line":12,"column":2},"end":{"line":12,"column":19}}},"fnMap":{"0":{"name":"useDebounce","decl":{"start":{"line":4,"column":24},"end":{"line":4,"column":35}},"loc":{"start":{"line":4,"column":56},"end":{"line":13,"column":1}},"line":4},"1":{"name":"(anonymous_1)","decl":{"start":{"line":7,"column":12},"end":{"line":7,"column":13}},"loc":{"start":{"line":7,"column":18},"end":{"line":10,"column":3}},"line":7},"2":{"name":"(anonymous_2)","decl":{"start":{"line":8,"column":31},"end":{"line":8,"column":32}},"loc":{"start":{"line":8,"column":37},"end":{"line":8,"column":56}},"line":8},"3":{"name":"(anonymous_3)","decl":{"start":{"line":9,"column":11},"end":{"line":9,"column":12}},"loc":{"start":{"line":9,"column":17},"end":{"line":9,"column":38}},"line":9}},"branchMap":{"0":{"loc":{"start":{"line":4,"column":43},"end":{"line":4,"column":54}},"type":"default-arg","locations":[{"start":{"line":4,"column":51},"end":{"line":4,"column":54}}],"line":4}},"s":{"0":20,"1":20,"2":14,"3":6,"4":14,"5":14,"6":20},"f":{"0":20,"1":14,"2":6,"3":14},"b":{"0":[0]},"_coverageSchema":"1a1c01bbd47fc00a2c39e90264f33305004495a9","hash":"b28dcc2819ebb0f1f9cf821b729940198efa4c6b"}
,"C:\\Users\\Sakshi kumari\\Downloads\\prodesk\\cine-stream\\src\\hooks\\useFavorites.js": {"path":"C:\\Users\\Sakshi kumari\\Downloads\\prodesk\\cine-stream\\src\\hooks\\useFavorites.js","statementMap":{"0":{"start":{"line":3,"column":20},"end":{"line":3,"column":31}},"1":{"start":{"line":6,"column":36},"end":{"line":6,"column":48}},"2":{"start":{"line":8,"column":2},"end":{"line":15,"column":9}},"3":{"start":{"line":9,"column":4},"end":{"line":14,"column":5}},"4":{"start":{"line":10,"column":20},"end":{"line":10,"column":71}},"5":{"start":{"line":11,"column":6},"end":{"line":11,"column":26}},"6":{"start":{"line":13,"column":6},"end":{"line":13,"column":69}},"7":{"start":{"line":17,"column":2},"end":{"line":19,"column":18}},"8":{"start":{"line":18,"column":4},"end":{"line":18,"column":65}},"9":{"start":{"line":22,"column":4},"end":{"line":22,"column":52}},"10":{"start":{"line":22,"column":33},"end":{"line":22,"column":50}},"11":{"start":{"line":26,"column":4},"end":{"line":31,"column":7}},"12":{"start":{"line":27,"column":6},"end":{"line":29,"column":7}},"13":{"start":{"line":27,"column":27},"end":{"line":27,"column":44}},"14":{"start":{"line":28,"column":8},"end":{"line":28,"column":53}},"15":{"start":{"line":28,"column":34},"end":{"line":28,"column":51}},"16":{"start":{"line":30,"column":6},"end":{"line":30,"column":30}},"17":{"start":{"line":34,"column":2},"end":{"line":34,"column":51}}},"fnMap":{"0":{"name":"useFavorites","decl":{"start":{"line":5,"column":24},"end":{"line":5,"column":36}},"loc":{"start":{"line":5,"column":39},"end":{"line":35,"column":1}},"line":5},"1":{"name":"(anonymous_1)","decl":{"start":{"line":8,"column":12},"end":{"line":8,"column":13}},"loc":{"start":{"line":8,"column":18},"end":{"line":15,"column":3}},"line":8},"2":{"name":"(anonymous_2)","decl":{"start":{"line":17,"column":12},"end":{"line":17,"column":13}},"loc":{"start":{"line":17,"column":18},"end":{"line":19,"column":3}},"line":17},"3":{"name":"isFavorite","decl":{"start":{"line":21,"column":11},"end":{"line":21,"column":21}},"loc":{"start":{"line":21,"column":29},"end":{"line":23,"column":3}},"line":21},"4":{"name":"(anonymous_4)","decl":{"start":{"line":22,"column":26},"end":{"line":22,"column":27}},"loc":{"start":{"line":22,"column":33},"end":{"line":22,"column":50}},"line":22},"5":{"name":"toggleFavorite","decl":{"start":{"line":25,"column":11},"end":{"line":25,"column":25}},"loc":{"start":{"line":25,"column":33},"end":{"line":32,"column":3}},"line":25},"6":{"name":"(anonymous_6)","decl":{"start":{"line":26,"column":17},"end":{"line":26,"column":18}},"loc":{"start":{"line":26,"column":27},"end":{"line":31,"column":5}},"line":26},"7":{"name":"(anonymous_7)","decl":{"start":{"line":27,"column":20},"end":{"line":27,"column":21}},"loc":{"start":{"line":27,"column":27},"end":{"line":27,"column":44}},"line":27},"8":{"name":"(anonymous_8)","decl":{"start":{"line":28,"column":27},"end":{"line":28,"column":28}},"loc":{"start":{"line":28,"column":34},"end":{"line":28,"column":51}},"line":28}},"branchMap":{"0":{"loc":{"start":{"line":10,"column":20},"end":{"line":10,"column":71}},"type":"binary-expr","locations":[{"start":{"line":10,"column":20},"end":{"line":10,"column":65}},{"start":{"line":10,"column":69},"end":{"line":10,"column":71}}],"line":10},"1":{"loc":{"start":{"line":27,"column":6},"end":{"line":29,"column":7}},"type":"if","locations":[{"start":{"line":27,"column":6},"end":{"line":29,"column":7}},{"start":{},"end":{}}],"line":27}},"s":{"0":1,"1":27,"2":27,"3":9,"4":9,"5":9,"6":0,"7":27,"8":27,"9":7,"10":6,"11":10,"12":10,"13":3,"14":2,"15":2,"16":8,"17":27},"f":{"0":27,"1":9,"2":27,"3":7,"4":6,"5":10,"6":10,"7":3,"8":2},"b":{"0":[9,8],"1":[2,8]},"_coverageSchema":"1a1c01bbd47fc00a2c39e90264f33305004495a9","hash":"649225421b5110e590fe090ca915eb31966f066f"}
,"C:\\Users\\Sakshi kumari\\Downloads\\prodesk\\cine-stream\\src\\hooks\\useMovies.js": {"path":"C:\\Users\\Sakshi kumari\\Downloads\\prodesk\\cine-stream\\src\\hooks\\useMovies.js","statementMap":{"0":{"start":{"line":5,"column":30},"end":{"line":5,"column":42}},"1":{"start":{"line":6,"column":26},"end":{"line":6,"column":37}},"2":{"start":{"line":7,"column":32},"end":{"line":7,"column":47}},"3":{"start":{"line":8,"column":28},"end":{"line":8,"column":42}},"4":{"start":{"line":9,"column":32},"end":{"line":9,"column":46}},"5":{"start":{"line":11,"column":15},"end":{"line":33,"column":3}},"6":{"start":{"line":13,"column":6},"end":{"line":13,"column":23}},"7":{"start":{"line":14,"column":6},"end":{"line":14,"column":21}},"8":{"start":{"line":15,"column":6},"end":{"line":30,"column":7}},"9":{"start":{"line":16,"column":21},"end":{"line":18,"column":48}},"10":{"start":{"line":19,"column":8},"end":{"line":23,"column":9}},"11":{"start":{"line":20,"column":10},"end":{"line":20,"column":34}},"12":{"start":{"line":22,"column":10},"end":{"line":22,"column":58}},"13":{"start":{"line":22,"column":30},"end":{"line":22,"column":56}},"14":{"start":{"line":24,"column":8},"end":{"line":24,"column":50}},"15":{"start":{"line":26,"column":8},"end":{"line":26,"column":25}},"16":{"start":{"line":27,"column":8},"end":{"line":27,"column":20}},"17":{"start":{"line":29,"column":8},"end":{"line":29,"column":26}},"18":{"start":{"line":36,"column":2},"end":{"line":41,"column":20}},"19":{"start":{"line":37,"column":4},"end":{"line":37,"column":15}},"20":{"start":{"line":38,"column":4},"end":{"line":38,"column":18}},"21":{"start":{"line":39,"column":4},"end":{"line":39,"column":21}},"22":{"start":{"line":40,"column":4},"end":{"line":40,"column":12}},"23":{"start":{"line":43,"column":19},"end":{"line":48,"column":3}},"24":{"start":{"line":44,"column":4},"end":{"line":44,"column":36}},"25":{"start":{"line":44,"column":29},"end":{"line":44,"column":36}},"26":{"start":{"line":45,"column":17},"end":{"line":45,"column":25}},"27":{"start":{"line":46,"column":4},"end":{"line":46,"column":18}},"28":{"start":{"line":47,"column":4},"end":{"line":47,"column":15}},"29":{"start":{"line":50,"column":2},"end":{"line":50,"column":55}}},"fnMap":{"0":{"name":"useMovies","decl":{"start":{"line":4,"column":24},"end":{"line":4,"column":33}},"loc":{"start":{"line":4,"column":41},"end":{"line":51,"column":1}},"line":4},"1":{"name":"(anonymous_1)","decl":{"start":{"line":12,"column":4},"end":{"line":12,"column":5}},"loc":{"start":{"line":12,"column":30},"end":{"line":31,"column":5}},"line":12},"2":{"name":"(anonymous_2)","decl":{"start":{"line":22,"column":20},"end":{"line":22,"column":21}},"loc":{"start":{"line":22,"column":30},"end":{"line":22,"column":56}},"line":22},"3":{"name":"(anonymous_3)","decl":{"start":{"line":36,"column":12},"end":{"line":36,"column":13}},"loc":{"start":{"line":36,"column":18},"end":{"line":41,"column":3}},"line":36},"4":{"name":"(anonymous_4)","decl":{"start":{"line":43,"column":19},"end":{"line":43,"column":20}},"loc":{"start":{"line":43,"column":25},"end":{"line":48,"column":3}},"line":43}},"branchMap":{"0":{"loc":{"start":{"line":12,"column":11},"end":{"line":12,"column":25}},"type":"default-arg","locations":[{"start":{"line":12,"column":24},"end":{"line":12,"column":25}}],"line":12},"1":{"loc":{"start":{"line":16,"column":21},"end":{"line":18,"column":48}},"type":"cond-expr","locations":[{"start":{"line":17,"column":12},"end":{"line":17,"column":49}},{"start":{"line":18,"column":12},"end":{"line":18,"column":48}}],"line":16},"2":{"loc":{"start":{"line":19,"column":8},"end":{"line":23,"column":9}},"type":"if","locations":[{"start":{"line":19,"column":8},"end":{"line":23,"column":9}},{"start":{"line":21,"column":15},"end":{"line":23,"column":9}}],"line":19},"3":{"loc":{"start":{"line":44,"column":4},"end":{"line":44,"column":36}},"type":"if","locations":[{"start":{"line":44,"column":4},"end":{"line":44,"column":36}},{"start":{},"end":{}}],"line":44},"4":{"loc":{"start":{"line":44,"column":8},"end":{"line":44,"column":27}},"type":"binary-expr","locations":[{"start":{"line":44,"column":8},"end":{"line":44,"column":15}},{"start":{"line":44,"column":19},"end":{"line":44,"column":27}}],"line":44}},"s":{"0":17,"1":17,"2":17,"3":17,"4":17,"5":17,"6":6,"7":6,"8":6,"9":6,"10":6,"11":6,"12":0,"13":0,"14":6,"15":0,"16":0,"17":6,"18":17,"19":6,"20":6,"21":6,"22":6,"23":17,"24":0,"25":0,"26":0,"27":0,"28":0,"29":17},"f":{"0":17,"1":6,"2":0,"3":6,"4":0},"b":{"0":[0],"1":[1,5],"2":[6,0],"3":[0,0],"4":[0,0]},"_coverageSchema":"1a1c01bbd47fc00a2c39e90264f33305004495a9","hash":"f55bc23b3a80cdea50b80428e26b2b7e9fc8c6cf"}
,"C:\\Users\\Sakshi kumari\\Downloads\\prodesk\\cine-stream\\src\\pages\\Favorites.js": {"path":"C:\\Users\\Sakshi kumari\\Downloads\\prodesk\\cine-stream\\src\\pages\\Favorites.js","statementMap":{"0":{"start":{"line":4,"column":18},"end":{"line":26,"column":1}},"1":{"start":{"line":5,"column":24},"end":{"line":5,"column":52}},"2":{"start":{"line":7,"column":2},"end":{"line":7,"column":50}},"3":{"start":{"line":9,"column":2},"end":{"line":25,"column":4}},"4":{"start":{"line":17,"column":12},"end":{"line":20,"column":18}}},"fnMap":{"0":{"name":"(anonymous_0)","decl":{"start":{"line":4,"column":18},"end":{"line":4,"column":19}},"loc":{"start":{"line":4,"column":24},"end":{"line":26,"column":1}},"line":4},"1":{"name":"(anonymous_1)","decl":{"start":{"line":16,"column":38},"end":{"line":16,"column":39}},"loc":{"start":{"line":17,"column":12},"end":{"line":20,"column":18}},"line":17}},"branchMap":{"0":{"loc":{"start":{"line":12,"column":7},"end":{"line":23,"column":7}},"type":"cond-expr","locations":[{"start":{"line":13,"column":8},"end":{"line":13,"column":32}},{"start":{"line":15,"column":8},"end":{"line":22,"column":14}}],"line":12},"1":{"loc":{"start":{"line":12,"column":7},"end":{"line":12,"column":42}},"type":"binary-expr","locations":[{"start":{"line":12,"column":7},"end":{"line":12,"column":16}},{"start":{"line":12,"column":20},"end":{"line":12,"column":42}}],"line":12},"2":{"loc":{"start":{"line":16,"column":11},"end":{"line":21,"column":12}},"type":"binary-expr","locations":[{"start":{"line":16,"column":11},"end":{"line":16,"column":20}},{"start":{"line":16,"column":24},"end":{"line":21,"column":12}}],"line":16}},"s":{"0":0,"1":0,"2":0,"3":0,"4":0},"f":{"0":0,"1":0},"b":{"0":[0,0],"1":[0,0],"2":[0,0]}}
,"C:\\Users\\Sakshi kumari\\Downloads\\prodesk\\cine-stream\\src\\pages\\FavoritesPage.js": {"path":"C:\\Users\\Sakshi kumari\\Downloads\\prodesk\\cine-stream\\src\\pages\\FavoritesPage.js","statementMap":{"0":{"start":{"line":4,"column":36},"end":{"line":4,"column":48}},"1":{"start":{"line":6,"column":2},"end":{"line":9,"column":9}},"2":{"start":{"line":7,"column":18},"end":{"line":7,"column":69}},"3":{"start":{"line":8,"column":4},"end":{"line":8,"column":24}},"4":{"start":{"line":11,"column":2},"end":{"line":22,"column":4}},"5":{"start":{"line":18,"column":10},"end":{"line":18,"column":49}}},"fnMap":{"0":{"name":"FavoritesPage","decl":{"start":{"line":3,"column":24},"end":{"line":3,"column":37}},"loc":{"start":{"line":3,"column":40},"end":{"line":23,"column":1}},"line":3},"1":{"name":"(anonymous_1)","decl":{"start":{"line":6,"column":12},"end":{"line":6,"column":13}},"loc":{"start":{"line":6,"column":18},"end":{"line":9,"column":3}},"line":6},"2":{"name":"(anonymous_2)","decl":{"start":{"line":17,"column":22},"end":{"line":17,"column":23}},"loc":{"start":{"line":18,"column":10},"end":{"line":18,"column":49}},"line":18}},"branchMap":{"0":{"loc":{"start":{"line":7,"column":18},"end":{"line":7,"column":69}},"type":"binary-expr","locations":[{"start":{"line":7,"column":18},"end":{"line":7,"column":63}},{"start":{"line":7,"column":67},"end":{"line":7,"column":69}}],"line":7},"1":{"loc":{"start":{"line":14,"column":7},"end":{"line":20,"column":7}},"type":"cond-expr","locations":[{"start":{"line":15,"column":8},"end":{"line":15,"column":31}},{"start":{"line":17,"column":8},"end":{"line":19,"column":10}}],"line":14}},"s":{"0":0,"1":0,"2":0,"3":0,"4":0,"5":0},"f":{"0":0,"1":0,"2":0},"b":{"0":[0,0],"1":[0,0]}}
}
